#
# A fatal error has been detected by the Java Runtime Environment:
#
#  EXCEPTION_ACCESS_VIOLATION (0xc0000005) at pc=0x0000000060caed53, pid=13536, tid=10420
#
# JRE version: Java(TM) SE Runtime Environment (8.0_25-b18) (build 1.8.0_25-b18)
# Java VM: Java HotSpot(TM) 64-Bit Server VM (25.25-b02 mixed mode windows-amd64 compressed oops)
# Problematic frame:
# C  [nativemcl.dll+0xeed53]
#
# Failed to write core dump. Minidumps are not enabled by default on client versions of Windows
#
# If you would like to submit a bug report, please visit:
#   http://bugreport.sun.com/bugreport/crash.jsp
#

---------------  T H R E A D  ---------------

Current thread (0x0000000057516000):  VMThread [stack: 0x0000000058490000,0x0000000058590000] [id=10420]

siginfo: ExceptionCode=0xc0000005, reading address 0x00000000000000b0

Registers:
RAX=0x0000000000000000, RBX=0x000000005ba25d20, RCX=0x00000000575161e8, RDX=0x0000000059092ac8
RSP=0x000000005858eda8, RBP=0x000000005c014440, RSI=0x00000000575161e8, RDI=0x000000005858ee40
R8 =0x000000005ba25d70, R9 =0x000000005bf12810, R10=0x000000005858ee10, R11=0x000000005fb56428
R12=0x000000005c014300, R13=0x0000000000000000, R14=0x000000005c014808, R15=0x000000005c014300
RIP=0x0000000060caed53, EFLAGS=0x0000000000010206

Top of Stack: (sp=0x000000005858eda8)
0x000000005858eda8:   0000000060cafbcf 000000005ba25d20
0x000000005858edb8:   000000005be055e8 000000005ba25d20
0x000000005858edc8:   000000005c014300 fffffffffffffffe
0x000000005858edd8:   0000000060e24189 0000000060cb6af0
0x000000005858ede8:   00000000608bd1f0 00003b7274506576
0x000000005858edf8:   0000000000000000 000000005be055e8
0x000000005858ee08:   0000000060cc2225 00000000575161e8
0x000000005858ee18:   000000005ba25d20 000000005c014300
0x000000005858ee28:   000000005be055e8 fffffffffffffffe
0x000000005858ee38:   000000005ba25d20 0000000060caed50
0x000000005858ee48:   0000000059092ac8 0000000000000000
0x000000005858ee58:   000000006152a8a9 000000005be05570
0x000000005858ee68:   0000000000000000 fffffffffffffffe
0x000000005858ee78:   000000005c014300 fffffffffffffffe
0x000000005858ee88:   000000005f8b1363 000000005be05570
0x000000005858ee98:   000000006152a996 000000005be05570 

Instructions: (pc=0x0000000060caed53)
0x0000000060caed33:   48 8b cf e8 d5 d7 12 00 48 8b c7 48 8b 5c 24 30
0x0000000060caed43:   48 83 c4 20 5f c3 cc cc cc cc cc cc cc 48 8b 01
0x0000000060caed53:   48 ff a0 b0 00 00 00 cc cc cc cc cc cc 33 c0 48
0x0000000060caed63:   39 01 0f 94 c0 c3 cc cc cc cc cc cc cc 40 53 48 


Register to memory mapping:

RAX=0x0000000000000000 is an unknown value
RBX=0x000000005ba25d20 is an unknown value
RCX=0x00000000575161e8 is an unknown value
RDX=0x0000000059092ac8 is a global jni handle
RSP=0x000000005858eda8 is an unknown value
RBP=0x000000005c014440 is an unknown value
RSI=0x00000000575161e8 is an unknown value
RDI=0x000000005858ee40 is an unknown value
R8 =0x000000005ba25d70 is an unknown value
R9 =0x000000005bf12810 is an unknown value
R10=0x000000005858ee10 is an unknown value
R11=0x000000005fb56428 is an unknown value
R12=0x000000005c014300 is an unknown value
R13=0x0000000000000000 is an unknown value
R14=0x000000005c014808 is an unknown value
R15=0x000000005c014300 is an unknown value


Stack: [0x0000000058490000,0x0000000058590000],  sp=0x000000005858eda8,  free space=1019k
Native frames: (J=compiled Java code, j=interpreted, Vv=VM code, C=native code)
C  [nativemcl.dll+0xeed53]

VM_Operation (0x000000005a01d4c0): Exit, mode: safepoint, requested by thread 0x00000000592a7800


---------------  P R O C E S S  ---------------

Java Threads: ( => current thread )
  0x0000000069254000 JavaThread "Image Fetcher 2" daemon [_thread_blocked, id=10912, stack(0x000000006a130000,0x000000006a230000)]
  0x0000000069253000 JavaThread "Image Fetcher 1" daemon [_thread_blocked, id=16948, stack(0x0000000069ee0000,0x0000000069fe0000)]
  0x0000000069252800 JavaThread "Image Fetcher 0" daemon [_thread_blocked, id=9412, stack(0x0000000069d80000,0x0000000069e80000)]
  0x0000000068f30800 JavaThread "EventMgr Dispatcher" daemon [_thread_in_native, id=16156, stack(0x0000000067050000,0x0000000067150000)]
  0x0000000067eb0800 JavaThread "MATLAB Compiler Runtime" daemon [_thread_blocked, id=15392, stack(0x0000000067460000,0x0000000067c60000)]
  0x00000000591dc000 JavaThread "Thread-3" [_thread_in_native, id=19404, stack(0x000000005e9c0000,0x000000005eac0000)]
  0x000000005bac0800 JavaThread "TimerQueue" daemon [_thread_blocked, id=27396, stack(0x000000005eb10000,0x000000005ec10000)]
  0x00000000022ae800 JavaThread "DestroyJavaVM" [_thread_blocked, id=5100, stack(0x00000000023c0000,0x00000000024c0000)]
  0x00000000592a7800 JavaThread "AWT-EventQueue-0" [_thread_blocked, id=26536, stack(0x0000000059f20000,0x000000005a020000)]
  0x000000005929c800 JavaThread "AWT-Shutdown" [_thread_blocked, id=4036, stack(0x0000000059a20000,0x0000000059b20000)]
  0x000000005928f000 JavaThread "Java2D Disposer" daemon [_thread_blocked, id=26504, stack(0x0000000059920000,0x0000000059a20000)]
  0x0000000058f98000 JavaThread "Service Thread" daemon [_thread_blocked, id=18364, stack(0x0000000059580000,0x0000000059680000)]
  0x000000005758f800 JavaThread "C1 CompilerThread2" daemon [_thread_blocked, id=20104, stack(0x00000000593e0000,0x00000000594e0000)]
  0x000000005758d800 JavaThread "C2 CompilerThread1" daemon [_thread_blocked, id=18256, stack(0x0000000058e30000,0x0000000058f30000)]
  0x0000000057586000 JavaThread "C2 CompilerThread0" daemon [_thread_blocked, id=3796, stack(0x0000000058c70000,0x0000000058d70000)]
  0x0000000057584800 JavaThread "Attach Listener" daemon [_thread_blocked, id=18128, stack(0x0000000058ad0000,0x0000000058bd0000)]
  0x0000000057583000 JavaThread "Signal Dispatcher" daemon [_thread_blocked, id=24220, stack(0x0000000058890000,0x0000000058990000)]
  0x0000000057522800 JavaThread "Finalizer" daemon [_thread_blocked, id=13896, stack(0x00000000585c0000,0x00000000586c0000)]
  0x0000000057519800 JavaThread "Reference Handler" daemon [_thread_blocked, id=2460, stack(0x0000000058780000,0x0000000058880000)]

Other Threads:
=>0x0000000057516000 VMThread [stack: 0x0000000058490000,0x0000000058590000] [id=10420]

VM state:at safepoint (shutting down)

VM Mutex/Monitor currently owned by a thread:  ([mutex/lock_event])
[0x00000000022ace30] Threads_lock - owner thread: 0x0000000057516000

Heap:
 PSYoungGen      total 38400K, used 15190K [0x00000000d5b00000, 0x00000000d8580000, 0x0000000100000000)
  eden space 33280K, 33% used [0x00000000d5b00000,0x00000000d65ff9a8,0x00000000d7b80000)
  from space 5120K, 76% used [0x00000000d7b80000,0x00000000d7f55e90,0x00000000d8080000)
  to   space 5120K, 0% used [0x00000000d8080000,0x00000000d8080000,0x00000000d8580000)
 ParOldGen       total 87552K, used 40K [0x0000000081000000, 0x0000000086580000, 0x00000000d5b00000)
  object space 87552K, 0% used [0x0000000081000000,0x000000008100a000,0x0000000086580000)
 Metaspace       used 16050K, capacity 16358K, committed 16512K, reserved 1062912K
  class space    used 2068K, capacity 2149K, committed 2176K, reserved 1048576K

Card table byte_map: [0x0000000011b50000,0x0000000011f50000] byte_map_base: 0x0000000011748000

Marking Bits: (ParMarkBitMap*) 0x000000006092d490
 Begin Bits: [0x0000000012810000, 0x00000000147d0000)
 End Bits:   [0x00000000147d0000, 0x0000000016790000)

Polling page: 0x00000000001b0000

CodeCache: size=245760Kb used=6269Kb max_used=6302Kb free=239490Kb
 bounds [0x0000000002790000, 0x0000000002dd0000, 0x0000000011790000]
 total_blobs=2419 nmethods=1852 adapters=479
 compilation: enabled

Compilation events (10 events):
Event: 13.732 Thread 0x000000005758f800 1963       3       java.util.logging.LogManager$LoggerContext::ensureDefaultLogger (70 bytes)
Event: 13.733 Thread 0x000000005758f800 nmethod 1963 0x0000000002dbb690 code [0x0000000002dbb840, 0x0000000002dbc0a8]
Event: 13.734 Thread 0x000000005758f800 1964  s    3       java.util.Hashtable::containsKey (65 bytes)
Event: 13.734 Thread 0x000000005758f800 nmethod 1964 0x0000000002bec690 code [0x0000000002bec820, 0x0000000002bece38]
Event: 13.786 Thread 0x000000005758d800 1965       4       java.lang.ClassLoader::checkName (43 bytes)
Event: 13.790 Thread 0x000000005758d800 nmethod 1965 0x00000000029136d0 code [0x0000000002913820, 0x00000000029139b8]
Event: 13.799 Thread 0x000000005758f800 1966       3       com.mathworks.util.jarloader.SimpleClassLoader::loadClass (7 bytes)
Event: 13.799 Thread 0x000000005758f800 nmethod 1966 0x00000000028bbb90 code [0x00000000028bbd00, 0x00000000028bbea8]
Event: 13.800 Thread 0x000000005758f800 1967   !   3       com.mathworks.util.jarloader.SimpleClassLoader::loadClass (88 bytes)
Event: 13.801 Thread 0x000000005758f800 nmethod 1967 0x0000000002917290 code [0x0000000002917540, 0x0000000002918898]

GC Heap History (6 events):
Event: 12.651 GC heap before
{Heap before GC invocations=1 (full 0):
 PSYoungGen      total 38400K, used 33280K [0x00000000d5b00000, 0x00000000d8580000, 0x0000000100000000)
  eden space 33280K, 100% used [0x00000000d5b00000,0x00000000d7b80000,0x00000000d7b80000)
  from space 5120K, 0% used [0x00000000d8080000,0x00000000d8080000,0x00000000d8580000)
  to   space 5120K, 0% used [0x00000000d7b80000,0x00000000d7b80000,0x00000000d8080000)
 ParOldGen       total 87552K, used 0K [0x0000000081000000, 0x0000000086580000, 0x00000000d5b00000)
  object space 87552K, 0% used [0x0000000081000000,0x0000000081000000,0x0000000086580000)
 Metaspace       used 14293K, capacity 14560K, committed 14848K, reserved 1062912K
  class space    used 1880K, capacity 1956K, committed 2048K, reserved 1048576K
Event: 12.665 GC heap after
Heap after GC invocations=1 (full 0):
 PSYoungGen      total 38400K, used 4435K [0x00000000d5b00000, 0x00000000d8580000, 0x0000000100000000)
  eden space 33280K, 0% used [0x00000000d5b00000,0x00000000d5b00000,0x00000000d7b80000)
  from space 5120K, 86% used [0x00000000d7b80000,0x00000000d7fd4d18,0x00000000d8080000)
  to   space 5120K, 0% used [0x00000000d8080000,0x00000000d8080000,0x00000000d8580000)
 ParOldGen       total 87552K, used 24K [0x0000000081000000, 0x0000000086580000, 0x00000000d5b00000)
  object space 87552K, 0% used [0x0000000081000000,0x0000000081006000,0x0000000086580000)
 Metaspace       used 14293K, capacity 14560K, committed 14848K, reserved 1062912K
  class space    used 1880K, capacity 1956K, committed 2048K, reserved 1048576K
}
Event: 13.380 GC heap before
{Heap before GC invocations=2 (full 0):
 PSYoungGen      total 38400K, used 37715K [0x00000000d5b00000, 0x00000000d8580000, 0x0000000100000000)
  eden space 33280K, 100% used [0x00000000d5b00000,0x00000000d7b80000,0x00000000d7b80000)
  from space 5120K, 86% used [0x00000000d7b80000,0x00000000d7fd4d18,0x00000000d8080000)
  to   space 5120K, 0% used [0x00000000d8080000,0x00000000d8080000,0x00000000d8580000)
 ParOldGen       total 87552K, used 24K [0x0000000081000000, 0x0000000086580000, 0x00000000d5b00000)
  object space 87552K, 0% used [0x0000000081000000,0x0000000081006000,0x0000000086580000)
 Metaspace       used 15907K, capacity 16160K, committed 16256K, reserved 1062912K
  class space    used 2052K, capacity 2148K, committed 2176K, reserved 1048576K
Event: 13.387 GC heap after
Heap after GC invocations=2 (full 0):
 PSYoungGen      total 38400K, used 4612K [0x00000000d5b00000, 0x00000000d8580000, 0x0000000100000000)
  eden space 33280K, 0% used [0x00000000d5b00000,0x00000000d5b00000,0x00000000d7b80000)
  from space 5120K, 90% used [0x00000000d8080000,0x00000000d8501248,0x00000000d8580000)
  to   space 5120K, 0% used [0x00000000d7b80000,0x00000000d7b80000,0x00000000d8080000)
 ParOldGen       total 87552K, used 32K [0x0000000081000000, 0x0000000086580000, 0x00000000d5b00000)
  object space 87552K, 0% used [0x0000000081000000,0x0000000081008000,0x0000000086580000)
 Metaspace       used 15907K, capacity 16160K, committed 16256K, reserved 1062912K
  class space    used 2052K, capacity 2148K, committed 2176K, reserved 1048576K
}
Event: 13.680 GC heap before
{Heap before GC invocations=3 (full 0):
 PSYoungGen      total 38400K, used 37892K [0x00000000d5b00000, 0x00000000d8580000, 0x0000000100000000)
  eden space 33280K, 100% used [0x00000000d5b00000,0x00000000d7b80000,0x00000000d7b80000)
  from space 5120K, 90% used [0x00000000d8080000,0x00000000d8501248,0x00000000d8580000)
  to   space 5120K, 0% used [0x00000000d7b80000,0x00000000d7b80000,0x00000000d8080000)
 ParOldGen       total 87552K, used 32K [0x0000000081000000, 0x0000000086580000, 0x00000000d5b00000)
  object space 87552K, 0% used [0x0000000081000000,0x0000000081008000,0x0000000086580000)
 Metaspace       used 16033K, capacity 16294K, committed 16512K, reserved 1062912K
  class space    used 2066K, capacity 2149K, committed 2176K, reserved 1048576K
Event: 13.686 GC heap after
Heap after GC invocations=3 (full 0):
 PSYoungGen      total 38400K, used 3927K [0x00000000d5b00000, 0x00000000d8580000, 0x0000000100000000)
  eden space 33280K, 0% used [0x00000000d5b00000,0x00000000d5b00000,0x00000000d7b80000)
  from space 5120K, 76% used [0x00000000d7b80000,0x00000000d7f55e90,0x00000000d8080000)
  to   space 5120K, 0% used [0x00000000d8080000,0x00000000d8080000,0x00000000d8580000)
 ParOldGen       total 87552K, used 40K [0x0000000081000000, 0x0000000086580000, 0x00000000d5b00000)
  object space 87552K, 0% used [0x0000000081000000,0x000000008100a000,0x0000000086580000)
 Metaspace       used 16033K, capacity 16294K, committed 16512K, reserved 1062912K
  class space    used 2066K, capacity 2149K, committed 2176K, reserved 1048576K
}

Deoptimization events (10 events):
Event: 12.674 Thread 0x0000000067eb0800 Uncommon trap: reason=unloaded action=reinterpret pc=0x0000000002d0c8a0 method=sun.misc.URLClassPath$JarLoader.getResource(Ljava/lang/String;Z)Lsun/misc/Resource; @ 67
Event: 12.717 Thread 0x0000000067eb0800 Uncommon trap: reason=bimorphic action=maybe_recompile pc=0x0000000002bf8294 method=java.util.HashMap.putVal(ILjava/lang/Object;Ljava/lang/Object;ZZ)Ljava/lang/Object; @ 203
Event: 12.718 Thread 0x0000000067eb0800 Uncommon trap: reason=bimorphic action=maybe_recompile pc=0x0000000002bf8294 method=java.util.HashMap.putVal(ILjava/lang/Object;Ljava/lang/Object;ZZ)Ljava/lang/Object; @ 203
Event: 12.784 Thread 0x0000000067eb0800 Uncommon trap: reason=class_check action=maybe_recompile pc=0x0000000002bd1000 method=java.io.DataOutputStream.writeByte(I)V @ 5
Event: 12.785 Thread 0x0000000067eb0800 Uncommon trap: reason=class_check action=maybe_recompile pc=0x0000000002bd1000 method=java.io.DataOutputStream.writeByte(I)V @ 5
Event: 12.785 Thread 0x0000000067eb0800 Uncommon trap: reason=class_check action=maybe_recompile pc=0x0000000002bd1000 method=java.io.DataOutputStream.writeByte(I)V @ 5
Event: 12.785 Thread 0x0000000067eb0800 Uncommon trap: reason=class_check action=maybe_recompile pc=0x0000000002bd1000 method=java.io.DataOutputStream.writeByte(I)V @ 5
Event: 12.876 Thread 0x0000000067eb0800 Uncommon trap: reason=class_check action=maybe_recompile pc=0x0000000002c1dfc4 method=java.util.regex.Pattern$CharProperty$1.isSatisfiedBy(I)Z @ 5
Event: 12.876 Thread 0x0000000067eb0800 Uncommon trap: reason=class_check action=maybe_recompile pc=0x0000000002c1dfc4 method=java.util.regex.Pattern$CharProperty$1.isSatisfiedBy(I)Z @ 5
Event: 12.978 Thread 0x00000000592a7800 Uncommon trap: reason=unreached action=reinterpret pc=0x0000000002aef300 method=sun.util.logging.PlatformLogger.isLoggable(Lsun/util/logging/PlatformLogger$Level;)Z @ 18

Internal exceptions (10 events):
Event: 13.816 Thread 0x0000000067eb0800 Exception <a 'java/security/PrivilegedActionException'> (0x00000000d6545ba8) thrown at [D:\re\workspace\8-2-build-windows-amd64-cygwin\jdk8u25\1677\hotspot\src\share\vm\prims\jvm.cpp, line 1312]
Event: 13.818 Thread 0x0000000067eb0800 Exception <a 'java/security/PrivilegedActionException'> (0x00000000d6546258) thrown at [D:\re\workspace\8-2-build-windows-amd64-cygwin\jdk8u25\1677\hotspot\src\share\vm\prims\jvm.cpp, line 1312]
Event: 13.818 Thread 0x0000000067eb0800 Exception <a 'java/security/PrivilegedActionException'> (0x00000000d6547638) thrown at [D:\re\workspace\8-2-build-windows-amd64-cygwin\jdk8u25\1677\hotspot\src\share\vm\prims\jvm.cpp, line 1312]
Event: 13.819 Thread 0x0000000067eb0800 Exception <a 'java/security/PrivilegedActionException'> (0x00000000d6557288) thrown at [D:\re\workspace\8-2-build-windows-amd64-cygwin\jdk8u25\1677\hotspot\src\share\vm\prims\jvm.cpp, line 1312]
Event: 13.819 Thread 0x0000000067eb0800 Exception <a 'java/security/PrivilegedActionException'> (0x00000000d65576b0) thrown at [D:\re\workspace\8-2-build-windows-amd64-cygwin\jdk8u25\1677\hotspot\src\share\vm\prims\jvm.cpp, line 1312]
Event: 13.819 Thread 0x0000000067eb0800 Exception <a 'java/security/PrivilegedActionException'> (0x00000000d6558a90) thrown at [D:\re\workspace\8-2-build-windows-amd64-cygwin\jdk8u25\1677\hotspot\src\share\vm\prims\jvm.cpp, line 1312]
Event: 13.819 Thread 0x0000000067eb0800 Exception <a 'java/security/PrivilegedActionException'> (0x00000000d65686e0) thrown at [D:\re\workspace\8-2-build-windows-amd64-cygwin\jdk8u25\1677\hotspot\src\share\vm\prims\jvm.cpp, line 1312]
Event: 13.819 Thread 0x0000000067eb0800 Exception <a 'java/security/PrivilegedActionException'> (0x00000000d6568cd8) thrown at [D:\re\workspace\8-2-build-windows-amd64-cygwin\jdk8u25\1677\hotspot\src\share\vm\prims\jvm.cpp, line 1312]
Event: 13.819 Thread 0x0000000067eb0800 Exception <a 'java/security/PrivilegedActionException'> (0x00000000d656a0b8) thrown at [D:\re\workspace\8-2-build-windows-amd64-cygwin\jdk8u25\1677\hotspot\src\share\vm\prims\jvm.cpp, line 1312]
Event: 13.819 Thread 0x0000000067eb0800 Exception <a 'java/security/PrivilegedActionException'> (0x00000000d6579d20) thrown at [D:\re\workspace\8-2-build-windows-amd64-cygwin\jdk8u25\1677\hotspot\src\share\vm\prims\jvm.cpp, line 1312]

Events (10 events):
Event: 13.816 loading class sprintf
Event: 13.816 loading class sprintf done
Event: 13.818 loading class ismatrix
Event: 13.818 loading class ismatrix done
Event: 13.819 loading class ismatrix
Event: 13.819 loading class ismatrix done
Event: 13.819 loading class ismatrix
Event: 13.819 loading class ismatrix done
Event: 13.820 Thread 0x0000000069257000 Thread exited: 0x0000000069257000
Event: 13.820 Executing VM operation: Exit


Dynamic libraries:
0x000000013f140000 - 0x000000013f174000 	C:\Program Files\Java\jre1.8.0_25\bin\javaw.exe
0x0000000077340000 - 0x00000000774e9000 	C:\Windows\SYSTEM32\ntdll.dll
0x0000000077220000 - 0x000000007733f000 	C:\Windows\system32\kernel32.dll
0x000007fefd490000 - 0x000007fefd4fc000 	C:\Windows\system32\KERNELBASE.dll
0x000007fefde10000 - 0x000007fefdeeb000 	C:\Windows\system32\ADVAPI32.dll
0x000007fefdc40000 - 0x000007fefdcdf000 	C:\Windows\system32\msvcrt.dll
0x000007fefe0e0000 - 0x000007fefe0ff000 	C:\Windows\SYSTEM32\sechost.dll
0x000007fefdce0000 - 0x000007fefde0d000 	C:\Windows\system32\RPCRT4.dll
0x0000000077120000 - 0x000000007721a000 	C:\Windows\system32\USER32.dll
0x000007feff560000 - 0x000007feff5c7000 	C:\Windows\system32\GDI32.dll
0x000007fefd590000 - 0x000007fefd59e000 	C:\Windows\system32\LPK.dll
0x000007fefe100000 - 0x000007fefe1c9000 	C:\Windows\system32\USP10.dll
0x000007fefb990000 - 0x000007fefbb84000 	C:\Windows\WinSxS\amd64_microsoft.windows.common-controls_6595b64144ccf1df_6.0.7601.17514_none_fa396087175ac9ac\COMCTL32.dll
0x000007fefd510000 - 0x000007fefd581000 	C:\Windows\system32\SHLWAPI.dll
0x000007feff320000 - 0x000007feff34e000 	C:\Windows\system32\IMM32.DLL
0x000007fefd5a0000 - 0x000007fefd6a9000 	C:\Windows\system32\MSCTF.dll
0x0000000062ce0000 - 0x0000000062db2000 	C:\Program Files\Java\jre1.8.0_25\bin\msvcr100.dll
0x0000000060150000 - 0x00000000609aa000 	C:\Program Files\Java\jre1.8.0_25\bin\server\jvm.dll
0x000007feedf10000 - 0x000007feedf19000 	C:\Windows\system32\WSOCK32.dll
0x000007fefe080000 - 0x000007fefe0cd000 	C:\Windows\system32\WS2_32.dll
0x000007fefe0d0000 - 0x000007fefe0d8000 	C:\Windows\system32\NSI.dll
0x000007fefa0a0000 - 0x000007fefa0db000 	C:\Windows\system32\WINMM.dll
0x0000000077500000 - 0x0000000077507000 	C:\Windows\system32\PSAPI.DLL
0x000000006cbf0000 - 0x000000006cbff000 	C:\Program Files\Java\jre1.8.0_25\bin\verify.dll
0x000000006cbc0000 - 0x000000006cbe8000 	C:\Program Files\Java\jre1.8.0_25\bin\java.dll
0x000000006cba0000 - 0x000000006cbb6000 	C:\Program Files\Java\jre1.8.0_25\bin\zip.dll
0x000007fefe3b0000 - 0x000007feff138000 	C:\Windows\system32\SHELL32.dll
0x000007feff350000 - 0x000007feff553000 	C:\Windows\system32\ole32.dll
0x000007fefd150000 - 0x000007fefd15f000 	C:\Windows\system32\profapi.dll
0x0000000061880000 - 0x0000000061a18000 	C:\Program Files\Java\jre1.8.0_25\bin\awt.dll
0x000007fefe1d0000 - 0x000007fefe2a7000 	C:\Windows\system32\OLEAUT32.dll
0x000007fefbfa0000 - 0x000007fefbff6000 	C:\Windows\system32\uxtheme.dll
0x000007fefbd90000 - 0x000007fefbda8000 	C:\Windows\system32\dwmapi.dll
0x000007fefcf50000 - 0x000007fefcf5f000 	C:\Windows\system32\CRYPTBASE.dll
0x000007fefc1f0000 - 0x000007fefc1fc000 	C:\Windows\system32\VERSION.dll
0x0000000062c90000 - 0x0000000062cd7000 	C:\Program Files\Java\jre1.8.0_25\bin\fontmanager.dll
0x000000006cb80000 - 0x000000006cb9a000 	C:\Program Files\Java\jre1.8.0_25\bin\net.dll
0x000007fefc8f0000 - 0x000007fefc945000 	C:\Windows\system32\mswsock.dll
0x000007fefc8e0000 - 0x000007fefc8e7000 	C:\Windows\System32\wship6.dll
0x000000006cb60000 - 0x000000006cb71000 	C:\Program Files\Java\jre1.8.0_25\bin\nio.dll
0x0000000062c40000 - 0x0000000062c81000 	C:\Program Files\Java\jre1.8.0_25\bin\t2k.dll
0x000007fefe310000 - 0x000007fefe3a9000 	C:\Windows\system32\CLBCatQ.DLL
0x000007fefb340000 - 0x000007fefb4a1000 	C:\Windows\system32\WindowsCodecs.dll
0x000007fefd040000 - 0x000007fefd097000 	C:\Windows\system32\apphelp.dll
0x000007fef3960000 - 0x000007fef3b9b000 	C:\PROGRA~1\MICROS~2\Office15\GROOVEEX.DLL
0x0000000073990000 - 0x0000000073a28000 	C:\Windows\system32\MSVCP100.dll
0x000000006f5a0000 - 0x000000006f5cb000 	C:\Windows\system32\ATL100.DLL
0x000007fef7380000 - 0x000007fef769c000 	C:\Windows\system32\msi.dll
0x000007fef3de0000 - 0x000007fef4419000 	C:\PROGRA~1\MICROS~2\Office15\1033\GrooveIntlResource.dll
0x000007fef4d50000 - 0x000007fef4d85000 	C:\Windows\system32\EhStorShell.dll
0x000007feff140000 - 0x000007feff317000 	C:\Windows\system32\SETUPAPI.dll
0x000007fefd1f0000 - 0x000007fefd226000 	C:\Windows\system32\CFGMGR32.dll
0x000007fefd1b0000 - 0x000007fefd1ca000 	C:\Windows\system32\DEVOBJ.dll
0x000007fefb860000 - 0x000007fefb98c000 	C:\Windows\system32\PROPSYS.dll
0x0000000180000000 - 0x0000000180051000 	C:\Program Files\WinMount\WinMTExt.dll
0x000007fef3d60000 - 0x000007fef3de0000 	C:\Windows\system32\ntshrui.dll
0x000007fefce40000 - 0x000007fefce63000 	C:\Windows\system32\srvcli.dll
0x000007fef6a30000 - 0x000007fef6a3f000 	C:\Windows\system32\cscapi.dll
0x000007fefae40000 - 0x000007fefae4b000 	C:\Windows\system32\slc.dll
0x000007fef7260000 - 0x000007fef7300000 	C:\Windows\WinSxS\amd64_microsoft.windows.common-controls_6595b64144ccf1df_5.82.7601.18201_none_a4d3b9377117c3df\comctl32.dll
0x000007fefbf50000 - 0x000007fefbf7d000 	C:\Windows\system32\ntmarta.dll
0x000007fefe2b0000 - 0x000007fefe302000 	C:\Windows\system32\WLDAP32.dll
0x000007feed920000 - 0x000007feedabc000 	C:\Windows\system32\NetworkExplorer.dll
0x000007fef5900000 - 0x000007fef5934000 	C:\Windows\System32\shdocvw.dll
0x000007fefadf0000 - 0x000007fefae08000 	C:\Windows\system32\MPR.dll
0x000000006e850000 - 0x000000006e862000 	C:\Windows\system32\snacnp.dll
0x000007fefb320000 - 0x000007fefb32a000 	C:\Windows\System32\drprov.dll
0x000007fefd000000 - 0x000007fefd03d000 	C:\Windows\System32\WINSTA.dll
0x000007fef4fb0000 - 0x000007fef4fd2000 	C:\Windows\System32\ntlanman.dll
0x000007fef3c30000 - 0x000007fef3c4d000 	C:\Windows\System32\davclnt.dll
0x000007fef4fa0000 - 0x000007fef4faa000 	C:\Windows\System32\DAVHLPR.dll
0x000007fefb1e0000 - 0x000007fefb1f5000 	C:\Windows\system32\wkscli.dll
0x000007fefb200000 - 0x000007fefb20c000 	C:\Windows\system32\netutils.dll
0x000007fefb640000 - 0x000007fefb856000 	C:\Windows\WinSxS\amd64_microsoft.windows.gdiplus_6595b64144ccf1df_1.1.7601.18455_none_2b283fd671e9bf4d\gdiplus.dll
0x000007fef6ae0000 - 0x000007fef6b9d000 	C:\Windows\system32\PortableDeviceApi.dll
0x000007fefd170000 - 0x000007fefd1ab000 	C:\Windows\system32\WINTRUST.dll
0x000007fefd240000 - 0x000007fefd3ad000 	C:\Windows\system32\CRYPT32.dll
0x000007fefd160000 - 0x000007fefd16f000 	C:\Windows\system32\MSASN1.dll
0x000007fefa540000 - 0x000007fefa567000 	C:\Windows\system32\EhStorAPI.dll
0x000007fefbb90000 - 0x000007fefbb9c000 	C:\Windows\system32\LINKINFO.dll
0x0000000058a80000 - 0x0000000058aa7000 	C:\Program Files\MATLAB\R2014a\bin\win64\BuilderJABootstrap.dll
0x00000000003c0000 - 0x00000000003cc000 	C:\Program Files\MATLAB\R2014a\bin\win64\nativedl.dll
0x000000005f8b0000 - 0x000000005fabe000 	C:\Program Files\MATLAB\R2014a\bin\win64\libmwfl.dll
0x000007fefdef0000 - 0x000007fefdf09000 	C:\Windows\system32\imagehlp.dll
0x00000000003d0000 - 0x00000000003dd000 	C:\Program Files\MATLAB\R2014a\bin\win64\libmwresource_core.dll
0x000000005fac0000 - 0x000000005fba6000 	C:\Program Files\MATLAB\R2014a\bin\win64\libmwi18n.dll
0x00000000672d0000 - 0x00000000672de000 	C:\Program Files\MATLAB\R2014a\bin\win64\boost_date_time-vc100-mt-1_49.dll
0x00000000672a0000 - 0x00000000672cc000 	C:\Program Files\MATLAB\R2014a\bin\win64\boost_filesystem-vc100-mt-1_49.dll
0x000000006edc0000 - 0x000000006edc9000 	C:\Program Files\MATLAB\R2014a\bin\win64\boost_system-vc100-mt-1_49.dll
0x000007fef6240000 - 0x000007fef6265000 	C:\Program Files\MATLAB\R2014a\bin\win64\LIBEXPAT.dll
0x0000000064740000 - 0x00000000648ca000 	C:\Program Files\MATLAB\R2014a\bin\win64\icuin49.dll
0x0000000064600000 - 0x000000006473e000 	C:\Program Files\MATLAB\R2014a\bin\win64\icuuc49.dll
0x0000000061a20000 - 0x0000000062b42000 	C:\Program Files\MATLAB\R2014a\bin\win64\icudt49.dll
0x0000000067280000 - 0x0000000067290000 	C:\Program Files\MATLAB\R2014a\bin\win64\icuio49.dll
0x000000005fbb0000 - 0x000000005ffe3000 	C:\Program Files\MATLAB\R2014a\bin\win64\libmwMATLAB_res.dll
0x0000000066330000 - 0x000000006640f000 	C:\Program Files\MATLAB\R2014a\bin\win64\boost_regex-vc100-mt-1_49.dll
0x0000000067210000 - 0x0000000067256000 	C:\Program Files\MATLAB\R2014a\bin\win64\boost_serialization-vc100-mt-1_49.dll
0x00000000671f0000 - 0x0000000067201000 	C:\Program Files\MATLAB\R2014a\bin\win64\boost_signals-vc100-mt-1_49.dll
0x00000000671d0000 - 0x00000000671e1000 	C:\Program Files\MATLAB\R2014a\bin\win64\boost_thread-vc100-mt-1_49.dll
0x0000000058d70000 - 0x0000000058dfd000 	C:\Program Files\MATLAB\R2014a\bin\win64\boost_log-vc100-mt-1_49.dll
0x000007feec2e0000 - 0x000007feec313000 	C:\Program Files\MATLAB\R2014a\bin\win64\tbb.dll
0x000007fefafd0000 - 0x000007fefaffc000 	C:\Windows\system32\POWRPROF.dll
0x0000000060bc0000 - 0x0000000060ee2000 	C:\Program Files\MATLAB\R2014a\bin\win64\nativemcl.dll
0x00000000597b0000 - 0x0000000059870000 	C:\Program Files\MATLAB\R2014a\bin\win64\libut.dll
0x000000005fff0000 - 0x000000006010e000 	C:\Program Files\MATLAB\R2014a\bin\win64\libmx.dll
0x000007fef61c0000 - 0x000007fef61e8000 	C:\Program Files\MATLAB\R2014a\bin\win64\tbbmalloc.dll
0x0000000066fa0000 - 0x0000000066fb7000 	C:\Program Files\MATLAB\R2014a\bin\win64\zlib1.dll
0x0000000060ef0000 - 0x00000000611ae000 	C:\Program Files\MATLAB\R2014a\bin\win64\mclmcr.dll
0x0000000059330000 - 0x00000000593e0000 	C:\Program Files\MATLAB\R2014a\bin\win64\mcr.dll
0x00000000611b0000 - 0x00000000614dd000 	C:\Program Files\MATLAB\R2014a\bin\win64\libmwms.dll
0x0000000067290000 - 0x00000000672a0000 	C:\Program Files\MATLAB\R2014a\bin\win64\boost_iostreams-vc100-mt-1_49.dll
0x00000000609b0000 - 0x0000000060aa6000 	C:\Program Files\MATLAB\R2014a\bin\win64\iqm.dll
0x00000000614e0000 - 0x0000000061860000 	C:\Program Files\MATLAB\R2014a\bin\win64\libmwservices.dll
0x00000000594e0000 - 0x000000005952f000 	C:\Program Files\MATLAB\R2014a\bin\win64\libmwregexp.dll
0x0000000059530000 - 0x000000005957a000 	C:\Program Files\MATLAB\R2014a\bin\win64\mpath.dll
0x0000000062dc0000 - 0x0000000063179000 	C:\Program Files\MATLAB\R2014a\bin\win64\mlutil.dll
0x0000000063180000 - 0x00000000634a0000 	C:\Program Files\MATLAB\R2014a\bin\win64\settingscore.dll
0x00000000598a0000 - 0x0000000059917000 	C:\Program Files\MATLAB\R2014a\bin\win64\xmlcore.dll
0x00000000634a0000 - 0x00000000636e1000 	C:\Program Files\MATLAB\R2014a\bin\win64\xerces-c_2_7.dll
0x0000000058e00000 - 0x0000000058e1d000 	C:\Program Files\MATLAB\R2014a\bin\win64\libmwMATLAB_settings_res.dll
0x0000000058c50000 - 0x0000000058c56000 	C:\Program Files\MATLAB\R2014a\bin\win64\libmwnativedisplay.dll
0x0000000059b20000 - 0x0000000059b7d000 	C:\Program Files\MATLAB\R2014a\bin\win64\opccore.dll
0x0000000062b50000 - 0x0000000062c26000 	C:\Program Files\MATLAB\R2014a\bin\win64\opcmodel.dll
0x0000000059680000 - 0x00000000596a5000 	C:\Program Files\MATLAB\R2014a\bin\win64\opczippackage.dll
0x0000000067270000 - 0x000000006727e000 	C:\Program Files\MATLAB\R2014a\bin\win64\libminizip.dll
0x0000000059b80000 - 0x0000000059bdb000 	C:\Program Files\MATLAB\R2014a\bin\win64\opcmwservices.dll
0x000007fefd8f0000 - 0x000007fefd987000 	C:\Windows\system32\COMDLG32.dll
0x000007fefb210000 - 0x000007fefb226000 	C:\Windows\system32\NETAPI32.dll

VM Arguments:
jvm_args: -Dfile.encoding=Cp1252 
java_command: edu.buffalo.cse601.datamining.project2.display.ClusteringAlgorithms
java_class_path (initial): C:\Users\Keyur\workspace\DataMining2\bin;C:\Users\Keyur\workspace\DataMining2\lib\commons-csv-1.0.jar;C:\Users\Keyur\workspace\DataMining2\lib\guava-18.0.jar;C:\Users\Keyur\workspace\DataMining2\lib\hadoop-common-2.2.0.jar;C:\Users\Keyur\workspace\DataMining2\lib\hadoop-hdfs-2.2.0.jar;C:\Users\Keyur\workspace\DataMining2\lib\hadoop-mapreduce-client-common-2.2.0.jar;C:\Users\Keyur\workspace\DataMining2\lib\hadoop-mapreduce-client-core-2.2.0.jar;C:\Users\Keyur\workspace\DataMining2\lib\hadoop-mapreduce-client-jobclient-2.2.0.jar;C:\Users\Keyur\workspace\DataMining2\lib\hadoop-mapreduce-client-shuffle-2.2.0.jar;C:\Users\Keyur\workspace\DataMining2\lib\hadoop-yarn-api-2.2.0.jar;C:\Users\Keyur\workspace\DataMining2\lib\hadoop-yarn-client-2.2.0.jar;C:\Users\Keyur\workspace\DataMining2\lib\hadoop-yarn-common-2.2.0.jar;C:\Users\Keyur\workspace\DataMining2\lib\javabuilder.jar;C:\Users\Keyur\workspace\DataMining2\lib\log4j-1.2.17.jar;C:\Users\Keyur\workspace\DataMining2\lib\slf4j-api-1.7.5.jar;C:\Users\Keyur\workspace\DataMining2\lib\PCA.jar;C:\Users\Keyur\workspace\DataMining2\lib\commons-math3-3.3.jar
Launcher Type: SUN_STANDARD

Environment Variables:
JAVA_HOME=C:\Program Files\Java\jdk1.7.0_11\
PATH=C:\Program Files\MATLAB\R2014a\bin\win64;C:\oraclexe\app\oracle\product\11.2.0\server\bin;C:\app\Keyur\product\12.1.0\dbhome_1\bin;C:\ProgramData\Oracle\Java\javapath;C:\Program Files (x86)\Intel\iCLS Client\;C:\Program Files\Intel\iCLS Client\;C:\Program Files\Common Files\Microsoft Shared\Windows Live;C:\Program Files (x86)\Common Files\Microsoft Shared\Windows Live;C:\Windows\system32;C:\Windows;C:\Windows\System32\Wbem;C:\Windows\System32\WindowsPowerShell\v1.0\;C:\Program Files (x86)\Windows Live\Shared;C:\Program Files\Intel\Intel(R) Management Engine Components\DAL;C:\Program Files\Intel\Intel(R) Management Engine Components\IPT;C:\Program Files (x86)\Intel\Intel(R) Management Engine Components\DAL;C:\Program Files (x86)\Intel\Intel(R) Management Engine Components\IPT;C:\Program Files (x86)\MySQL\MySQL Utilities\;C:\Program Files (x86)\MySQL\MySQL Utilities\Doctrine extensions for PHP\;C:\Program Files\MATLAB\R2014a\runtime\win64;C:\Program Files\MATLAB\R2014a\bin;C:\Program Files\MATLAB\R2014a\polyspace\bin;C:\Program Files\Microsoft\Web Platform Installer\;C:\Program Files (x86)\Microsoft ASP.NET\ASP.NET Web Pages\v1.0\;C:\Program Files (x86)\Windows Kits\8.0\Windows Performance Toolkit\;C:\Program Files\Microsoft SQL Server\110\Tools\Binn;C:\Program Files\Java\jdk1.7.0_11\bin;C:\Program Files\MATLAB\MATLAB Compiler Runtime\v83\runtime\win64;C:\Program Files\apache-maven-3.2.3\bin;C:\Program Files (x86)\CMake\bin;C:\cygwin64\bin\
USERNAME=Keyur
OS=Windows_NT
PROCESSOR_IDENTIFIER=Intel64 Family 6 Model 69 Stepping 1, GenuineIntel



---------------  S Y S T E M  ---------------

OS: Windows 7 , 64 bit Build 7601 Service Pack 1

CPU:total 4 (2 cores per cpu, 2 threads per core) family 6 model 69 stepping 1, cmov, cx8, fxsr, mmx, sse, sse2, sse3, ssse3, sse4.1, sse4.2, popcnt, avx, avx2, aes, clmul, erms, lzcnt, ht, tsc, tscinvbit, bmi1, bmi2

Memory: 4k page, physical 8321328k(1853100k free), swap 18028072k(8380764k free)

vm_info: Java HotSpot(TM) 64-Bit Server VM (25.25-b02) for windows-amd64 JRE (1.8.0_25-b18), built on Oct  7 2014 14:25:37 by "java_re" with MS VC++ 10.0 (VS2010)

time: Tue Nov 04 07:52:01 2014
elapsed time: 14 seconds (0d 0h 0m 14s)

